{"D:\\Projects\\altura-nft\\JS-SDK\\src\\altura.ts": {"path":"D:\\Projects\\altura-nft\\JS-SDK\\src\\altura.ts","statementMap":{"0":{"start":{"line":1,"column":0},"end":{"line":1,"column":36}},"1":{"start":{"line":2,"column":0},"end":{"line":2,"column":36}},"2":{"start":{"line":3,"column":0},"end":{"line":3,"column":36}},"3":{"start":{"line":4,"column":0},"end":{"line":4,"column":48}},"4":{"start":{"line":6,"column":0},"end":{"line":6,"column":73}},"5":{"start":{"line":8,"column":0},"end":{"line":8,"column":13}},"6":{"start":{"line":12,"column":4},"end":{"line":12,"column":77}},"7":{"start":{"line":12,"column":71},"end":{"line":12,"column":75}},"8":{"start":{"line":20,"column":15},"end":{"line":26,"column":null}},"9":{"start":{"line":21,"column":17},"end":{"line":21,"column":null}},"10":{"start":{"line":21,"column":10},"end":{"line":21,"column":null}},"11":{"start":{"line":23,"column":4},"end":{"line":25,"column":6}},"12":{"start":{"line":32,"column":15},"end":{"line":37,"column":null}},"13":{"start":{"line":33,"column":17},"end":{"line":33,"column":null}},"14":{"start":{"line":33,"column":10},"end":{"line":33,"column":null}},"15":{"start":{"line":34,"column":10},"end":{"line":34,"column":41}},"16":{"start":{"line":36,"column":4},"end":{"line":36,"column":112}},"17":{"start":{"line":44,"column":15},"end":{"line":81,"column":null}},"18":{"start":{"line":45,"column":17},"end":{"line":45,"column":null}},"19":{"start":{"line":45,"column":10},"end":{"line":45,"column":null}},"20":{"start":{"line":46,"column":10},"end":{"line":46,"column":41}},"21":{"start":{"line":48,"column":4},"end":{"line":80,"column":6}},"22":{"start":{"line":87,"column":15},"end":{"line":111,"column":null}},"23":{"start":{"line":88,"column":17},"end":{"line":88,"column":null}},"24":{"start":{"line":88,"column":10},"end":{"line":88,"column":null}},"25":{"start":{"line":89,"column":10},"end":{"line":89,"column":59}},"26":{"start":{"line":91,"column":4},"end":{"line":110,"column":6}},"27":{"start":{"line":121,"column":15},"end":{"line":142,"column":null}},"28":{"start":{"line":127,"column":10},"end":{"line":127,"column":68}},"29":{"start":{"line":128,"column":10},"end":{"line":128,"column":58}},"30":{"start":{"line":129,"column":10},"end":{"line":129,"column":69}},"31":{"start":{"line":130,"column":10},"end":{"line":130,"column":72}},"32":{"start":{"line":131,"column":17},"end":{"line":136,"column":null}},"33":{"start":{"line":131,"column":10},"end":{"line":136,"column":null}},"34":{"start":{"line":138,"column":4},"end":{"line":141,"column":6}},"35":{"start":{"line":139,"column":35},"end":{"line":139,"column":51}},"36":{"start":{"line":153,"column":15},"end":{"line":181,"column":null}},"37":{"start":{"line":161,"column":10},"end":{"line":161,"column":68}},"38":{"start":{"line":162,"column":10},"end":{"line":162,"column":58}},"39":{"start":{"line":163,"column":10},"end":{"line":163,"column":73}},"40":{"start":{"line":164,"column":10},"end":{"line":164,"column":72}},"41":{"start":{"line":165,"column":10},"end":{"line":165,"column":62}},"42":{"start":{"line":166,"column":10},"end":{"line":166,"column":77}},"43":{"start":{"line":168,"column":17},"end":{"line":175,"column":null}},"44":{"start":{"line":168,"column":10},"end":{"line":175,"column":null}},"45":{"start":{"line":177,"column":4},"end":{"line":180,"column":6}},"46":{"start":{"line":178,"column":38},"end":{"line":178,"column":57}},"47":{"start":{"line":190,"column":15},"end":{"line":212,"column":null}},"48":{"start":{"line":196,"column":10},"end":{"line":196,"column":68}},"49":{"start":{"line":197,"column":10},"end":{"line":197,"column":58}},"50":{"start":{"line":198,"column":10},"end":{"line":198,"column":73}},"51":{"start":{"line":199,"column":10},"end":{"line":199,"column":72}},"52":{"start":{"line":201,"column":17},"end":{"line":206,"column":null}},"53":{"start":{"line":201,"column":10},"end":{"line":206,"column":null}},"54":{"start":{"line":208,"column":4},"end":{"line":211,"column":6}},"55":{"start":{"line":209,"column":47},"end":{"line":209,"column":69}},"56":{"start":{"line":222,"column":15},"end":{"line":232,"column":null}},"57":{"start":{"line":229,"column":4},"end":{"line":231,"column":6}},"58":{"start":{"line":242,"column":15},"end":{"line":252,"column":null}},"59":{"start":{"line":249,"column":4},"end":{"line":251,"column":6}},"60":{"start":{"line":253,"column":0},"end":{"line":253,"column":null}},"61":{"start":{"line":8,"column":13},"end":{"line":8,"column":19}}},"fnMap":{"0":{"name":"(anonymous_13)","decl":{"start":{"line":8,"column":0},"end":{"line":8,"column":13}},"loc":{"start":{"line":8,"column":0},"end":{"line":253,"column":null}}},"1":{"name":"Altura","decl":{"start":{"line":11,"column":2},"end":{"line":11,"column":14}},"loc":{"start":{"line":11,"column":60},"end":{"line":13,"column":3}}},"2":{"name":"(anonymous_15)","decl":{"start":{"line":12,"column":54},"end":{"line":12,"column":55}},"loc":{"start":{"line":12,"column":66},"end":{"line":12,"column":74}}},"3":{"name":"(anonymous_16)","decl":{"start":{"line":20,"column":2},"end":{"line":20,"column":15}},"loc":{"start":{"line":20,"column":61},"end":{"line":26,"column":null}}},"4":{"name":"(anonymous_19)","decl":{"start":{"line":32,"column":2},"end":{"line":32,"column":15}},"loc":{"start":{"line":32,"column":38},"end":{"line":37,"column":null}}},"5":{"name":"(anonymous_22)","decl":{"start":{"line":44,"column":2},"end":{"line":44,"column":15}},"loc":{"start":{"line":44,"column":65},"end":{"line":81,"column":null}}},"6":{"name":"(anonymous_25)","decl":{"start":{"line":87,"column":2},"end":{"line":87,"column":15}},"loc":{"start":{"line":87,"column":44},"end":{"line":111,"column":null}}},"7":{"name":"(anonymous_28)","decl":{"start":{"line":121,"column":2},"end":{"line":121,"column":15}},"loc":{"start":{"line":126,"column":3},"end":{"line":142,"column":null}}},"8":{"name":"(anonymous_31)","decl":{"start":{"line":139,"column":28},"end":{"line":139,"column":29}},"loc":{"start":{"line":139,"column":30},"end":{"line":139,"column":47}}},"9":{"name":"(anonymous_32)","decl":{"start":{"line":153,"column":2},"end":{"line":153,"column":15}},"loc":{"start":{"line":160,"column":3},"end":{"line":181,"column":null}}},"10":{"name":"(anonymous_35)","decl":{"start":{"line":178,"column":28},"end":{"line":178,"column":29}},"loc":{"start":{"line":178,"column":33},"end":{"line":178,"column":50}}},"11":{"name":"(anonymous_36)","decl":{"start":{"line":190,"column":2},"end":{"line":190,"column":15}},"loc":{"start":{"line":195,"column":3},"end":{"line":212,"column":null}}},"12":{"name":"(anonymous_39)","decl":{"start":{"line":209,"column":40},"end":{"line":209,"column":41}},"loc":{"start":{"line":209,"column":42},"end":{"line":209,"column":65}}},"13":{"name":"(anonymous_40)","decl":{"start":{"line":222,"column":2},"end":{"line":222,"column":15}},"loc":{"start":{"line":226,"column":14},"end":{"line":232,"column":null}}},"14":{"name":"(anonymous_43)","decl":{"start":{"line":242,"column":2},"end":{"line":242,"column":15}},"loc":{"start":{"line":246,"column":14},"end":{"line":252,"column":null}}}},"branchMap":{"0":{"loc":{"start":{"line":12,"column":43},"end":{"line":12,"column":75}},"type":"binary-expr","locations":[{"start":{"line":12,"column":43},"end":{"line":12,"column":49}},{"start":{"line":12,"column":54},"end":{"line":12,"column":74}}]},"1":{"loc":{"start":{"line":21,"column":17},"end":{"line":21,"column":null}},"type":"switch","locations":[{"start":{"line":21,"column":17},"end":{"line":21,"column":null}}]},"2":{"loc":{"start":{"line":33,"column":17},"end":{"line":33,"column":null}},"type":"switch","locations":[{"start":{"line":33,"column":17},"end":{"line":33,"column":null}}]},"3":{"loc":{"start":{"line":45,"column":17},"end":{"line":45,"column":null}},"type":"switch","locations":[{"start":{"line":45,"column":17},"end":{"line":45,"column":null}}]},"4":{"loc":{"start":{"line":88,"column":17},"end":{"line":88,"column":null}},"type":"switch","locations":[{"start":{"line":88,"column":17},"end":{"line":88,"column":null}}]},"5":{"loc":{"start":{"line":127,"column":21},"end":{"line":127,"column":67}},"type":"cond-expr","locations":[{"start":{"line":127,"column":48},"end":{"line":127,"column":62}},{"start":{"line":127,"column":65},"end":{"line":127,"column":67}}]},"6":{"loc":{"start":{"line":127,"column":21},"end":{"line":127,"column":45}},"type":"binary-expr","locations":[{"start":{"line":127,"column":21},"end":{"line":127,"column":27}},{"start":{"line":127,"column":31},"end":{"line":127,"column":45}}]},"7":{"loc":{"start":{"line":128,"column":18},"end":{"line":128,"column":57}},"type":"cond-expr","locations":[{"start":{"line":128,"column":42},"end":{"line":128,"column":53}},{"start":{"line":128,"column":56},"end":{"line":128,"column":57}}]},"8":{"loc":{"start":{"line":128,"column":18},"end":{"line":128,"column":39}},"type":"binary-expr","locations":[{"start":{"line":128,"column":18},"end":{"line":128,"column":24}},{"start":{"line":128,"column":28},"end":{"line":128,"column":39}}]},"9":{"loc":{"start":{"line":129,"column":20},"end":{"line":129,"column":68}},"type":"cond-expr","locations":[{"start":{"line":129,"column":46},"end":{"line":129,"column":59}},{"start":{"line":129,"column":62},"end":{"line":129,"column":68}}]},"10":{"loc":{"start":{"line":129,"column":20},"end":{"line":129,"column":43}},"type":"binary-expr","locations":[{"start":{"line":129,"column":20},"end":{"line":129,"column":26}},{"start":{"line":129,"column":30},"end":{"line":129,"column":43}}]},"11":{"loc":{"start":{"line":130,"column":21},"end":{"line":130,"column":71}},"type":"cond-expr","locations":[{"start":{"line":130,"column":48},"end":{"line":130,"column":62}},{"start":{"line":130,"column":65},"end":{"line":130,"column":71}}]},"12":{"loc":{"start":{"line":130,"column":21},"end":{"line":130,"column":45}},"type":"binary-expr","locations":[{"start":{"line":130,"column":21},"end":{"line":130,"column":27}},{"start":{"line":130,"column":31},"end":{"line":130,"column":45}}]},"13":{"loc":{"start":{"line":161,"column":21},"end":{"line":161,"column":67}},"type":"cond-expr","locations":[{"start":{"line":161,"column":48},"end":{"line":161,"column":62}},{"start":{"line":161,"column":65},"end":{"line":161,"column":67}}]},"14":{"loc":{"start":{"line":161,"column":21},"end":{"line":161,"column":45}},"type":"binary-expr","locations":[{"start":{"line":161,"column":21},"end":{"line":161,"column":27}},{"start":{"line":161,"column":31},"end":{"line":161,"column":45}}]},"15":{"loc":{"start":{"line":162,"column":18},"end":{"line":162,"column":57}},"type":"cond-expr","locations":[{"start":{"line":162,"column":42},"end":{"line":162,"column":53}},{"start":{"line":162,"column":56},"end":{"line":162,"column":57}}]},"16":{"loc":{"start":{"line":162,"column":18},"end":{"line":162,"column":39}},"type":"binary-expr","locations":[{"start":{"line":162,"column":18},"end":{"line":162,"column":24}},{"start":{"line":162,"column":28},"end":{"line":162,"column":39}}]},"17":{"loc":{"start":{"line":163,"column":20},"end":{"line":163,"column":72}},"type":"cond-expr","locations":[{"start":{"line":163,"column":46},"end":{"line":163,"column":59}},{"start":{"line":163,"column":62},"end":{"line":163,"column":72}}]},"18":{"loc":{"start":{"line":163,"column":20},"end":{"line":163,"column":43}},"type":"binary-expr","locations":[{"start":{"line":163,"column":20},"end":{"line":163,"column":26}},{"start":{"line":163,"column":30},"end":{"line":163,"column":43}}]},"19":{"loc":{"start":{"line":164,"column":21},"end":{"line":164,"column":71}},"type":"cond-expr","locations":[{"start":{"line":164,"column":48},"end":{"line":164,"column":62}},{"start":{"line":164,"column":65},"end":{"line":164,"column":71}}]},"20":{"loc":{"start":{"line":164,"column":21},"end":{"line":164,"column":45}},"type":"binary-expr","locations":[{"start":{"line":164,"column":21},"end":{"line":164,"column":27}},{"start":{"line":164,"column":31},"end":{"line":164,"column":45}}]},"21":{"loc":{"start":{"line":165,"column":18},"end":{"line":165,"column":61}},"type":"cond-expr","locations":[{"start":{"line":165,"column":42},"end":{"line":165,"column":53}},{"start":{"line":165,"column":56},"end":{"line":165,"column":61}}]},"22":{"loc":{"start":{"line":165,"column":18},"end":{"line":165,"column":39}},"type":"binary-expr","locations":[{"start":{"line":165,"column":18},"end":{"line":165,"column":24}},{"start":{"line":165,"column":28},"end":{"line":165,"column":39}}]},"23":{"loc":{"start":{"line":166,"column":23},"end":{"line":166,"column":76}},"type":"cond-expr","locations":[{"start":{"line":166,"column":52},"end":{"line":166,"column":68}},{"start":{"line":166,"column":71},"end":{"line":166,"column":76}}]},"24":{"loc":{"start":{"line":166,"column":23},"end":{"line":166,"column":49}},"type":"binary-expr","locations":[{"start":{"line":166,"column":23},"end":{"line":166,"column":29}},{"start":{"line":166,"column":33},"end":{"line":166,"column":49}}]},"25":{"loc":{"start":{"line":196,"column":21},"end":{"line":196,"column":67}},"type":"cond-expr","locations":[{"start":{"line":196,"column":48},"end":{"line":196,"column":62}},{"start":{"line":196,"column":65},"end":{"line":196,"column":67}}]},"26":{"loc":{"start":{"line":196,"column":21},"end":{"line":196,"column":45}},"type":"binary-expr","locations":[{"start":{"line":196,"column":21},"end":{"line":196,"column":27}},{"start":{"line":196,"column":31},"end":{"line":196,"column":45}}]},"27":{"loc":{"start":{"line":197,"column":18},"end":{"line":197,"column":57}},"type":"cond-expr","locations":[{"start":{"line":197,"column":42},"end":{"line":197,"column":53}},{"start":{"line":197,"column":56},"end":{"line":197,"column":57}}]},"28":{"loc":{"start":{"line":197,"column":18},"end":{"line":197,"column":39}},"type":"binary-expr","locations":[{"start":{"line":197,"column":18},"end":{"line":197,"column":24}},{"start":{"line":197,"column":28},"end":{"line":197,"column":39}}]},"29":{"loc":{"start":{"line":198,"column":20},"end":{"line":198,"column":72}},"type":"cond-expr","locations":[{"start":{"line":198,"column":46},"end":{"line":198,"column":59}},{"start":{"line":198,"column":62},"end":{"line":198,"column":72}}]},"30":{"loc":{"start":{"line":198,"column":20},"end":{"line":198,"column":43}},"type":"binary-expr","locations":[{"start":{"line":198,"column":20},"end":{"line":198,"column":26}},{"start":{"line":198,"column":30},"end":{"line":198,"column":43}}]},"31":{"loc":{"start":{"line":199,"column":21},"end":{"line":199,"column":71}},"type":"cond-expr","locations":[{"start":{"line":199,"column":48},"end":{"line":199,"column":62}},{"start":{"line":199,"column":65},"end":{"line":199,"column":71}}]},"32":{"loc":{"start":{"line":199,"column":21},"end":{"line":199,"column":45}},"type":"binary-expr","locations":[{"start":{"line":199,"column":21},"end":{"line":199,"column":27}},{"start":{"line":199,"column":31},"end":{"line":199,"column":45}}]}},"s":{"0":4,"1":4,"2":4,"3":4,"4":4,"5":4,"6":4,"7":0,"8":4,"9":0,"10":0,"11":0,"12":4,"13":1,"14":1,"15":1,"16":1,"17":4,"18":0,"19":0,"20":0,"21":0,"22":4,"23":0,"24":0,"25":0,"26":0,"27":4,"28":0,"29":0,"30":0,"31":0,"32":0,"33":0,"34":0,"35":0,"36":4,"37":0,"38":0,"39":0,"40":0,"41":0,"42":0,"43":0,"44":0,"45":0,"46":0,"47":4,"48":0,"49":0,"50":0,"51":0,"52":0,"53":0,"54":0,"55":0,"56":4,"57":0,"58":4,"59":0,"60":4,"61":4},"f":{"0":4,"1":4,"2":0,"3":0,"4":1,"5":0,"6":0,"7":0,"8":0,"9":0,"10":0,"11":0,"12":0,"13":0,"14":0},"b":{"0":[4,0],"1":[0],"2":[1],"3":[0],"4":[0],"5":[0,0],"6":[0,0],"7":[0,0],"8":[0,0],"9":[0,0],"10":[0,0],"11":[0,0],"12":[0,0],"13":[0,0],"14":[0,0],"15":[0,0],"16":[0,0],"17":[0,0],"18":[0,0],"19":[0,0],"20":[0,0],"21":[0,0],"22":[0,0],"23":[0,0],"24":[0,0],"25":[0,0],"26":[0,0],"27":[0,0],"28":[0,0],"29":[0,0],"30":[0,0],"31":[0,0],"32":[0,0]}}
,"D:\\Projects\\altura-nft\\JS-SDK\\src\\apiCall.ts": {"path":"D:\\Projects\\altura-nft\\JS-SDK\\src\\apiCall.ts","statementMap":{"0":{"start":{"line":1,"column":0},"end":{"line":1,"column":28}},"1":{"start":{"line":2,"column":0},"end":{"line":2,"column":44}},"2":{"start":{"line":8,"column":0},"end":{"line":8,"column":13}},"3":{"start":{"line":12,"column":10},"end":{"line":12,"column":59}},"4":{"start":{"line":23,"column":4},"end":{"line":23,"column":32}},"5":{"start":{"line":25,"column":4},"end":{"line":25,"column":51}},"6":{"start":{"line":25,"column":46},"end":{"line":25,"column":50}},"7":{"start":{"line":33,"column":15},"end":{"line":39,"column":null}},"8":{"start":{"line":33,"column":39},"end":{"line":33,"column":null}},"9":{"start":{"line":34,"column":10},"end":{"line":34,"column":44}},"10":{"start":{"line":35,"column":10},"end":{"line":35,"column":35}},"11":{"start":{"line":37,"column":21},"end":{"line":37,"column":null}},"12":{"start":{"line":37,"column":10},"end":{"line":37,"column":null}},"13":{"start":{"line":38,"column":4},"end":{"line":38,"column":27}},"14":{"start":{"line":47,"column":15},"end":{"line":54,"column":null}},"15":{"start":{"line":47,"column":55},"end":{"line":47,"column":null}},"16":{"start":{"line":48,"column":21},"end":{"line":52,"column":null}},"17":{"start":{"line":48,"column":10},"end":{"line":52,"column":null}},"18":{"start":{"line":53,"column":4},"end":{"line":53,"column":27}},"19":{"start":{"line":61,"column":16},"end":{"line":71,"column":null}},"20":{"start":{"line":61,"column":39},"end":{"line":61,"column":null}},"21":{"start":{"line":62,"column":10},"end":{"line":62,"column":36}},"22":{"start":{"line":63,"column":10},"end":{"line":63,"column":31}},"23":{"start":{"line":64,"column":10},"end":{"line":64,"column":38}},"24":{"start":{"line":66,"column":4},"end":{"line":66,"column":89}},"25":{"start":{"line":68,"column":4},"end":{"line":70,"column":7}},"26":{"start":{"line":68,"column":48},"end":{"line":70,"column":6}},"27":{"start":{"line":69,"column":6},"end":{"line":69,"column":42}},"28":{"start":{"line":73,"column":16},"end":{"line":123,"column":null}},"29":{"start":{"line":74,"column":4},"end":{"line":77,"column":null}},"30":{"start":{"line":75,"column":6},"end":{"line":75,"column":53}},"31":{"start":{"line":76,"column":6},"end":{"line":76,"column":22}},"32":{"start":{"line":82,"column":15},"end":{"line":82,"column":37}},"33":{"start":{"line":82,"column":6},"end":{"line":82,"column":37}},"34":{"start":{"line":83,"column":6},"end":{"line":83,"column":34}},"35":{"start":{"line":88,"column":4},"end":{"line":88,"column":75}},"36":{"start":{"line":90,"column":4},"end":{"line":120,"column":null}},"37":{"start":{"line":92,"column":8},"end":{"line":93,"column":108}},"38":{"start":{"line":94,"column":8},"end":{"line":94,"column":14}},"39":{"start":{"line":98,"column":8},"end":{"line":98,"column":84}},"40":{"start":{"line":99,"column":8},"end":{"line":99,"column":14}},"41":{"start":{"line":102,"column":8},"end":{"line":102,"column":81}},"42":{"start":{"line":103,"column":8},"end":{"line":103,"column":14}},"43":{"start":{"line":106,"column":8},"end":{"line":108,"column":13}},"44":{"start":{"line":109,"column":8},"end":{"line":109,"column":14}},"45":{"start":{"line":112,"column":8},"end":{"line":114,"column":13}},"46":{"start":{"line":115,"column":8},"end":{"line":115,"column":14}},"47":{"start":{"line":118,"column":8},"end":{"line":118,"column":60}},"48":{"start":{"line":119,"column":8},"end":{"line":119,"column":14}},"49":{"start":{"line":122,"column":4},"end":{"line":122,"column":69}},"50":{"start":{"line":124,"column":0},"end":{"line":124,"column":null}},"51":{"start":{"line":8,"column":13},"end":{"line":8,"column":20}}},"fnMap":{"0":{"name":"(anonymous_15)","decl":{"start":{"line":8,"column":0},"end":{"line":8,"column":13}},"loc":{"start":{"line":8,"column":0},"end":{"line":124,"column":null}}},"1":{"name":"ApiCall","decl":{"start":{"line":22,"column":2},"end":{"line":22,"column":14}},"loc":{"start":{"line":22,"column":68},"end":{"line":26,"column":3}}},"2":{"name":"(anonymous_17)","decl":{"start":{"line":25,"column":29},"end":{"line":25,"column":30}},"loc":{"start":{"line":25,"column":41},"end":{"line":25,"column":49}}},"3":{"name":"(anonymous_18)","decl":{"start":{"line":33,"column":2},"end":{"line":33,"column":15}},"loc":{"start":{"line":33,"column":57},"end":{"line":39,"column":null}}},"4":{"name":"(anonymous_21)","decl":{"start":{"line":47,"column":2},"end":{"line":47,"column":15}},"loc":{"start":{"line":47,"column":77},"end":{"line":54,"column":null}}},"5":{"name":"(anonymous_24)","decl":{"start":{"line":61,"column":2},"end":{"line":61,"column":16}},"loc":{"start":{"line":61,"column":61},"end":{"line":71,"column":null}}},"6":{"name":"(anonymous_27)","decl":{"start":{"line":68,"column":38},"end":{"line":68,"column":45}},"loc":{"start":{"line":68,"column":48},"end":{"line":70,"column":6}}},"7":{"name":"(anonymous_28)","decl":{"start":{"line":68,"column":48},"end":{"line":68,"column":null}},"loc":{"start":{"line":68,"column":48},"end":{"line":70,"column":6}}},"8":{"name":"(anonymous_30)","decl":{"start":{"line":73,"column":2},"end":{"line":73,"column":16}},"loc":{"start":{"line":73,"column":53},"end":{"line":123,"column":null}}}},"branchMap":{"0":{"loc":{"start":{"line":25,"column":18},"end":{"line":25,"column":50}},"type":"binary-expr","locations":[{"start":{"line":25,"column":18},"end":{"line":25,"column":24}},{"start":{"line":25,"column":29},"end":{"line":25,"column":49}}]},"1":{"loc":{"start":{"line":33,"column":39},"end":{"line":33,"column":null}},"type":"if","locations":[{"start":{"line":33,"column":39},"end":{"line":33,"column":null}}]},"2":{"loc":{"start":{"line":47,"column":55},"end":{"line":47,"column":null}},"type":"if","locations":[{"start":{"line":47,"column":55},"end":{"line":47,"column":null}}]},"3":{"loc":{"start":{"line":48,"column":21},"end":{"line":52,"column":null}},"type":"switch","locations":[{"start":{"line":48,"column":21},"end":{"line":52,"column":null}}]},"4":{"loc":{"start":{"line":50,"column":12},"end":{"line":50,"column":51}},"type":"cond-expr","locations":[{"start":{"line":50,"column":19},"end":{"line":50,"column":39}},{"start":{"line":50,"column":42},"end":{"line":50,"column":51}}]},"5":{"loc":{"start":{"line":61,"column":39},"end":{"line":61,"column":null}},"type":"if","locations":[{"start":{"line":61,"column":39},"end":{"line":61,"column":null}}]},"6":{"loc":{"start":{"line":74,"column":4},"end":{"line":77,"column":null}},"type":"if","locations":[{"start":{"line":74,"column":4},"end":{"line":77,"column":null}}]},"7":{"loc":{"start":{"line":90,"column":4},"end":{"line":120,"column":null}},"type":"switch","locations":[{"start":{"line":91,"column":6},"end":{"line":94,"column":14}},{"start":{"line":96,"column":6},"end":{"line":96,"column":15}},{"start":{"line":97,"column":6},"end":{"line":99,"column":14}},{"start":{"line":101,"column":6},"end":{"line":103,"column":14}},{"start":{"line":105,"column":6},"end":{"line":109,"column":14}},{"start":{"line":111,"column":6},"end":{"line":115,"column":14}},{"start":{"line":117,"column":6},"end":{"line":119,"column":14}}]},"8":{"loc":{"start":{"line":93,"column":10},"end":{"line":93,"column":107}},"type":"cond-expr","locations":[{"start":{"line":93,"column":36},"end":{"line":93,"column":60}},{"start":{"line":93,"column":63},"end":{"line":93,"column":107}}]},"9":{"loc":{"start":{"line":93,"column":10},"end":{"line":93,"column":33}},"type":"binary-expr","locations":[{"start":{"line":93,"column":10},"end":{"line":93,"column":16}},{"start":{"line":93,"column":20},"end":{"line":93,"column":33}}]}},"s":{"0":4,"1":4,"2":4,"3":4,"4":4,"5":4,"6":0,"7":4,"8":2,"9":1,"10":1,"11":1,"12":1,"13":1,"14":4,"15":0,"16":0,"17":0,"18":0,"19":4,"20":2,"21":1,"22":1,"23":1,"24":1,"25":1,"26":1,"27":1,"28":4,"29":1,"30":1,"31":1,"32":0,"33":0,"34":0,"35":0,"36":0,"37":0,"38":0,"39":0,"40":0,"41":0,"42":0,"43":0,"44":0,"45":0,"46":0,"47":0,"48":0,"49":0,"50":4,"51":4},"f":{"0":4,"1":4,"2":0,"3":1,"4":0,"5":1,"6":1,"7":1,"8":1},"b":{"0":[4,0],"1":[1],"2":[0],"3":[0],"4":[0,0],"5":[1],"6":[1],"7":[0,0,0,0,0,0,0],"8":[0,0],"9":[0,0]}}
,"D:\\Projects\\altura-nft\\JS-SDK\\src\\collection.ts": {"path":"D:\\Projects\\altura-nft\\JS-SDK\\src\\collection.ts","statementMap":{"0":{"start":{"line":3,"column":0},"end":{"line":3,"column":13}},"1":{"start":{"line":43,"column":4},"end":{"line":43,"column":28}},"2":{"start":{"line":44,"column":4},"end":{"line":44,"column":22}},"3":{"start":{"line":45,"column":4},"end":{"line":45,"column":36}},"4":{"start":{"line":46,"column":4},"end":{"line":46,"column":24}},"5":{"start":{"line":47,"column":4},"end":{"line":47,"column":24}},"6":{"start":{"line":48,"column":4},"end":{"line":48,"column":30}},"7":{"start":{"line":49,"column":4},"end":{"line":49,"column":38}},"8":{"start":{"line":50,"column":4},"end":{"line":50,"column":22}},"9":{"start":{"line":51,"column":4},"end":{"line":51,"column":20}},"10":{"start":{"line":52,"column":4},"end":{"line":52,"column":28}},"11":{"start":{"line":53,"column":4},"end":{"line":53,"column":30}},"12":{"start":{"line":54,"column":4},"end":{"line":54,"column":28}},"13":{"start":{"line":55,"column":4},"end":{"line":55,"column":28}},"14":{"start":{"line":56,"column":4},"end":{"line":56,"column":30}},"15":{"start":{"line":57,"column":4},"end":{"line":57,"column":30}},"16":{"start":{"line":58,"column":4},"end":{"line":58,"column":32}},"17":{"start":{"line":59,"column":4},"end":{"line":59,"column":32}},"18":{"start":{"line":60,"column":4},"end":{"line":60,"column":27}},"19":{"start":{"line":70,"column":15},"end":{"line":79,"column":null}},"20":{"start":{"line":78,"column":4},"end":{"line":78,"column":14}},"21":{"start":{"line":80,"column":0},"end":{"line":80,"column":null}},"22":{"start":{"line":3,"column":13},"end":{"line":3,"column":29}}},"fnMap":{"0":{"name":"(anonymous_13)","decl":{"start":{"line":3,"column":0},"end":{"line":3,"column":13}},"loc":{"start":{"line":3,"column":0},"end":{"line":80,"column":null}}},"1":{"name":"AlturaCollection","decl":{"start":{"line":23,"column":2},"end":{"line":23,"column":null}},"loc":{"start":{"line":41,"column":20},"end":{"line":61,"column":3}}},"2":{"name":"(anonymous_15)","decl":{"start":{"line":70,"column":2},"end":{"line":70,"column":15}},"loc":{"start":{"line":73,"column":20},"end":{"line":79,"column":null}}}},"branchMap":{},"s":{"0":4,"1":0,"2":0,"3":0,"4":0,"5":0,"6":0,"7":0,"8":0,"9":0,"10":0,"11":0,"12":0,"13":0,"14":0,"15":0,"16":0,"17":0,"18":0,"19":4,"20":0,"21":4,"22":4},"f":{"0":4,"1":0,"2":0},"b":{}}
,"D:\\Projects\\altura-nft\\JS-SDK\\src\\index.ts": {"path":"D:\\Projects\\altura-nft\\JS-SDK\\src\\index.ts","statementMap":{"0":{"start":{"line":1,"column":0},"end":{"line":1,"column":9}},"1":{"start":{"line":3,"column":9},"end":{"line":1,"column":34}}},"fnMap":{"0":{"name":"(anonymous_0)","decl":{"start":{"line":3,"column":9},"end":{"line":3,"column":15}},"loc":{"start":{"line":3,"column":9},"end":{"line":1,"column":34}}}},"branchMap":{},"s":{"0":3,"1":6},"f":{"0":3},"b":{}}
,"D:\\Projects\\altura-nft\\JS-SDK\\src\\item.ts": {"path":"D:\\Projects\\altura-nft\\JS-SDK\\src\\item.ts","statementMap":{"0":{"start":{"line":4,"column":0},"end":{"line":4,"column":13}},"1":{"start":{"line":70,"column":4},"end":{"line":70,"column":48}},"2":{"start":{"line":71,"column":4},"end":{"line":71,"column":28}},"3":{"start":{"line":72,"column":4},"end":{"line":72,"column":28}},"4":{"start":{"line":73,"column":4},"end":{"line":73,"column":22}},"5":{"start":{"line":74,"column":4},"end":{"line":74,"column":36}},"6":{"start":{"line":75,"column":4},"end":{"line":75,"column":24}},"7":{"start":{"line":76,"column":4},"end":{"line":76,"column":30}},"8":{"start":{"line":77,"column":4},"end":{"line":77,"column":48}},"9":{"start":{"line":78,"column":4},"end":{"line":78,"column":30}},"10":{"start":{"line":79,"column":4},"end":{"line":79,"column":28}},"11":{"start":{"line":80,"column":4},"end":{"line":80,"column":42}},"12":{"start":{"line":81,"column":4},"end":{"line":81,"column":22}},"13":{"start":{"line":82,"column":4},"end":{"line":82,"column":24}},"14":{"start":{"line":83,"column":4},"end":{"line":83,"column":30}},"15":{"start":{"line":84,"column":4},"end":{"line":84,"column":28}},"16":{"start":{"line":85,"column":4},"end":{"line":85,"column":22}},"17":{"start":{"line":86,"column":4},"end":{"line":86,"column":26}},"18":{"start":{"line":87,"column":4},"end":{"line":87,"column":32}},"19":{"start":{"line":88,"column":4},"end":{"line":88,"column":32}},"20":{"start":{"line":89,"column":4},"end":{"line":89,"column":34}},"21":{"start":{"line":90,"column":4},"end":{"line":90,"column":30}},"22":{"start":{"line":91,"column":4},"end":{"line":91,"column":28}},"23":{"start":{"line":92,"column":4},"end":{"line":92,"column":54}},"24":{"start":{"line":93,"column":4},"end":{"line":93,"column":48}},"25":{"start":{"line":94,"column":4},"end":{"line":94,"column":36}},"26":{"start":{"line":95,"column":4},"end":{"line":95,"column":42}},"27":{"start":{"line":96,"column":4},"end":{"line":96,"column":20}},"28":{"start":{"line":97,"column":4},"end":{"line":97,"column":34}},"29":{"start":{"line":98,"column":4},"end":{"line":98,"column":28}},"30":{"start":{"line":99,"column":4},"end":{"line":99,"column":22}},"31":{"start":{"line":100,"column":4},"end":{"line":100,"column":27}},"32":{"start":{"line":110,"column":15},"end":{"line":120,"column":null}},"33":{"start":{"line":116,"column":4},"end":{"line":119,"column":6}},"34":{"start":{"line":128,"column":15},"end":{"line":133,"column":null}},"35":{"start":{"line":130,"column":4},"end":{"line":132,"column":6}},"36":{"start":{"line":141,"column":15},"end":{"line":149,"column":null}},"37":{"start":{"line":148,"column":4},"end":{"line":148,"column":14}},"38":{"start":{"line":156,"column":15},"end":{"line":161,"column":null}},"39":{"start":{"line":160,"column":4},"end":{"line":160,"column":14}},"40":{"start":{"line":162,"column":0},"end":{"line":162,"column":null}},"41":{"start":{"line":4,"column":13},"end":{"line":4,"column":23}}},"fnMap":{"0":{"name":"(anonymous_13)","decl":{"start":{"line":4,"column":0},"end":{"line":4,"column":13}},"loc":{"start":{"line":4,"column":0},"end":{"line":162,"column":null}}},"1":{"name":"AlturaItem","decl":{"start":{"line":37,"column":2},"end":{"line":37,"column":null}},"loc":{"start":{"line":68,"column":20},"end":{"line":101,"column":3}}},"2":{"name":"(anonymous_15)","decl":{"start":{"line":110,"column":2},"end":{"line":110,"column":15}},"loc":{"start":{"line":114,"column":3},"end":{"line":120,"column":null}}},"3":{"name":"(anonymous_18)","decl":{"start":{"line":128,"column":2},"end":{"line":128,"column":15}},"loc":{"start":{"line":128,"column":70},"end":{"line":133,"column":null}}},"4":{"name":"(anonymous_21)","decl":{"start":{"line":141,"column":2},"end":{"line":141,"column":15}},"loc":{"start":{"line":143,"column":25},"end":{"line":149,"column":null}}},"5":{"name":"(anonymous_24)","decl":{"start":{"line":156,"column":2},"end":{"line":156,"column":15}},"loc":{"start":{"line":156,"column":52},"end":{"line":161,"column":null}}}},"branchMap":{},"s":{"0":4,"1":0,"2":0,"3":0,"4":0,"5":0,"6":0,"7":0,"8":0,"9":0,"10":0,"11":0,"12":0,"13":0,"14":0,"15":0,"16":0,"17":0,"18":0,"19":0,"20":0,"21":0,"22":0,"23":0,"24":0,"25":0,"26":0,"27":0,"28":0,"29":0,"30":0,"31":0,"32":4,"33":0,"34":4,"35":0,"36":4,"37":0,"38":4,"39":0,"40":4,"41":4},"f":{"0":4,"1":0,"2":0,"3":0,"4":0,"5":0},"b":{}}
,"D:\\Projects\\altura-nft\\JS-SDK\\src\\user.ts": {"path":"D:\\Projects\\altura-nft\\JS-SDK\\src\\user.ts","statementMap":{"0":{"start":{"line":4,"column":0},"end":{"line":4,"column":13}},"1":{"start":{"line":13,"column":4},"end":{"line":13,"column":28}},"2":{"start":{"line":14,"column":4},"end":{"line":14,"column":22}},"3":{"start":{"line":15,"column":4},"end":{"line":15,"column":34}},"4":{"start":{"line":16,"column":4},"end":{"line":16,"column":40}},"5":{"start":{"line":17,"column":4},"end":{"line":17,"column":20}},"6":{"start":{"line":18,"column":4},"end":{"line":18,"column":27}},"7":{"start":{"line":31,"column":15},"end":{"line":45,"column":null}},"8":{"start":{"line":41,"column":4},"end":{"line":44,"column":6}},"9":{"start":{"line":46,"column":0},"end":{"line":46,"column":null}},"10":{"start":{"line":4,"column":13},"end":{"line":4,"column":23}}},"fnMap":{"0":{"name":"(anonymous_13)","decl":{"start":{"line":4,"column":0},"end":{"line":4,"column":13}},"loc":{"start":{"line":4,"column":0},"end":{"line":46,"column":null}}},"1":{"name":"AlturaUser","decl":{"start":{"line":12,"column":2},"end":{"line":12,"column":14}},"loc":{"start":{"line":12,"column":117},"end":{"line":19,"column":3}}},"2":{"name":"(anonymous_15)","decl":{"start":{"line":31,"column":2},"end":{"line":31,"column":15}},"loc":{"start":{"line":39,"column":3},"end":{"line":45,"column":null}}}},"branchMap":{},"s":{"0":4,"1":1,"2":1,"3":1,"4":1,"5":1,"6":1,"7":4,"8":0,"9":4,"10":4},"f":{"0":4,"1":1,"2":0},"b":{}}
,"D:\\Projects\\altura-nft\\JS-SDK\\src\\utils\\index.ts": {"path":"D:\\Projects\\altura-nft\\JS-SDK\\src\\utils\\index.ts","statementMap":{"0":{"start":{"line":3,"column":28},"end":{"line":13,"column":1}},"1":{"start":{"line":4,"column":32},"end":{"line":10,"column":4}},"2":{"start":{"line":12,"column":2},"end":{"line":12,"column":18}},"3":{"start":{"line":3,"column":13},"end":{"line":3,"column":28}},"4":{"start":{"line":15,"column":28},"end":{"line":50,"column":1}},"5":{"start":{"line":16,"column":32},"end":{"line":47,"column":4}},"6":{"start":{"line":49,"column":2},"end":{"line":49,"column":18}},"7":{"start":{"line":15,"column":13},"end":{"line":15,"column":28}},"8":{"start":{"line":52,"column":34},"end":{"line":74,"column":1}},"9":{"start":{"line":53,"column":19},"end":{"line":71,"column":4}},"10":{"start":{"line":73,"column":2},"end":{"line":73,"column":18}},"11":{"start":{"line":52,"column":13},"end":{"line":52,"column":34}}},"fnMap":{"0":{"name":"(anonymous_0)","decl":{"start":{"line":3,"column":28},"end":{"line":3,"column":29}},"loc":{"start":{"line":3,"column":38},"end":{"line":13,"column":1}}},"1":{"name":"(anonymous_1)","decl":{"start":{"line":15,"column":28},"end":{"line":15,"column":29}},"loc":{"start":{"line":15,"column":38},"end":{"line":50,"column":1}}},"2":{"name":"(anonymous_2)","decl":{"start":{"line":52,"column":34},"end":{"line":52,"column":35}},"loc":{"start":{"line":52,"column":50},"end":{"line":74,"column":1}}}},"branchMap":{"0":{"loc":{"start":{"line":7,"column":9},"end":{"line":7,"column":23}},"type":"binary-expr","locations":[{"start":{"line":7,"column":9},"end":{"line":7,"column":17}},{"start":{"line":7,"column":21},"end":{"line":7,"column":23}}]},"1":{"loc":{"start":{"line":8,"column":16},"end":{"line":8,"column":37}},"type":"binary-expr","locations":[{"start":{"line":8,"column":16},"end":{"line":8,"column":31}},{"start":{"line":8,"column":35},"end":{"line":8,"column":37}}]},"2":{"loc":{"start":{"line":9,"column":19},"end":{"line":9,"column":43}},"type":"binary-expr","locations":[{"start":{"line":9,"column":19},"end":{"line":9,"column":37}},{"start":{"line":9,"column":41},"end":{"line":9,"column":43}}]},"3":{"loc":{"start":{"line":37,"column":23},"end":{"line":37,"column":85}},"type":"cond-expr","locations":[{"start":{"line":37,"column":51},"end":{"line":37,"column":73}},{"start":{"line":37,"column":76},"end":{"line":37,"column":85}}]}},"s":{"0":4,"1":1,"2":1,"3":4,"4":4,"5":0,"6":0,"7":4,"8":4,"9":0,"10":0,"11":4},"f":{"0":1,"1":0,"2":0},"b":{"0":[1,1],"1":[1,1],"2":[1,1],"3":[0,0]}}
}
