TN:
SF:src\altura.ts
FN:8,(anonymous_13)
FN:11,Altura
FN:12,(anonymous_15)
FN:20,(anonymous_16)
FN:32,(anonymous_19)
FN:44,(anonymous_22)
FN:87,(anonymous_25)
FN:121,(anonymous_28)
FN:139,(anonymous_31)
FN:153,(anonymous_32)
FN:178,(anonymous_35)
FN:190,(anonymous_36)
FN:209,(anonymous_39)
FN:222,(anonymous_40)
FN:242,(anonymous_43)
FNF:15
FNH:3
FNDA:4,(anonymous_13)
FNDA:4,Altura
FNDA:0,(anonymous_15)
FNDA:0,(anonymous_16)
FNDA:1,(anonymous_19)
FNDA:0,(anonymous_22)
FNDA:0,(anonymous_25)
FNDA:0,(anonymous_28)
FNDA:0,(anonymous_31)
FNDA:0,(anonymous_32)
FNDA:0,(anonymous_35)
FNDA:0,(anonymous_36)
FNDA:0,(anonymous_39)
FNDA:0,(anonymous_40)
FNDA:0,(anonymous_43)
DA:1,4
DA:2,4
DA:3,4
DA:4,4
DA:6,4
DA:8,4
DA:12,4
DA:20,4
DA:21,0
DA:23,0
DA:32,4
DA:33,1
DA:34,1
DA:36,1
DA:44,4
DA:45,0
DA:46,0
DA:48,0
DA:87,4
DA:88,0
DA:89,0
DA:91,0
DA:121,4
DA:127,0
DA:128,0
DA:129,0
DA:130,0
DA:131,0
DA:138,0
DA:139,0
DA:153,4
DA:161,0
DA:162,0
DA:163,0
DA:164,0
DA:165,0
DA:166,0
DA:168,0
DA:177,0
DA:178,0
DA:190,4
DA:196,0
DA:197,0
DA:198,0
DA:199,0
DA:201,0
DA:208,0
DA:209,0
DA:222,4
DA:229,0
DA:242,4
DA:249,0
DA:253,4
LF:53
LH:20
BRDA:12,0,0,4
BRDA:12,0,1,0
BRDA:21,1,0,0
BRDA:33,2,0,1
BRDA:45,3,0,0
BRDA:88,4,0,0
BRDA:127,5,0,0
BRDA:127,5,1,0
BRDA:127,6,0,0
BRDA:127,6,1,0
BRDA:128,7,0,0
BRDA:128,7,1,0
BRDA:128,8,0,0
BRDA:128,8,1,0
BRDA:129,9,0,0
BRDA:129,9,1,0
BRDA:129,10,0,0
BRDA:129,10,1,0
BRDA:130,11,0,0
BRDA:130,11,1,0
BRDA:130,12,0,0
BRDA:130,12,1,0
BRDA:161,13,0,0
BRDA:161,13,1,0
BRDA:161,14,0,0
BRDA:161,14,1,0
BRDA:162,15,0,0
BRDA:162,15,1,0
BRDA:162,16,0,0
BRDA:162,16,1,0
BRDA:163,17,0,0
BRDA:163,17,1,0
BRDA:163,18,0,0
BRDA:163,18,1,0
BRDA:164,19,0,0
BRDA:164,19,1,0
BRDA:164,20,0,0
BRDA:164,20,1,0
BRDA:165,21,0,0
BRDA:165,21,1,0
BRDA:165,22,0,0
BRDA:165,22,1,0
BRDA:166,23,0,0
BRDA:166,23,1,0
BRDA:166,24,0,0
BRDA:166,24,1,0
BRDA:196,25,0,0
BRDA:196,25,1,0
BRDA:196,26,0,0
BRDA:196,26,1,0
BRDA:197,27,0,0
BRDA:197,27,1,0
BRDA:197,28,0,0
BRDA:197,28,1,0
BRDA:198,29,0,0
BRDA:198,29,1,0
BRDA:198,30,0,0
BRDA:198,30,1,0
BRDA:199,31,0,0
BRDA:199,31,1,0
BRDA:199,32,0,0
BRDA:199,32,1,0
BRF:62
BRH:2
end_of_record
TN:
SF:src\apiCall.ts
FN:8,(anonymous_15)
FN:22,ApiCall
FN:25,(anonymous_17)
FN:33,(anonymous_18)
FN:47,(anonymous_21)
FN:61,(anonymous_24)
FN:68,(anonymous_27)
FN:68,(anonymous_28)
FN:73,(anonymous_30)
FNF:9
FNH:7
FNDA:4,(anonymous_15)
FNDA:4,ApiCall
FNDA:0,(anonymous_17)
FNDA:1,(anonymous_18)
FNDA:0,(anonymous_21)
FNDA:1,(anonymous_24)
FNDA:1,(anonymous_27)
FNDA:1,(anonymous_28)
FNDA:1,(anonymous_30)
DA:1,4
DA:2,4
DA:8,4
DA:12,4
DA:23,4
DA:25,4
DA:33,4
DA:34,1
DA:35,1
DA:37,1
DA:38,1
DA:47,4
DA:48,0
DA:53,0
DA:61,4
DA:62,1
DA:63,1
DA:64,1
DA:66,1
DA:68,1
DA:69,1
DA:73,4
DA:74,1
DA:75,1
DA:76,1
DA:82,0
DA:83,0
DA:88,0
DA:90,0
DA:92,0
DA:94,0
DA:98,0
DA:99,0
DA:102,0
DA:103,0
DA:106,0
DA:109,0
DA:112,0
DA:115,0
DA:118,0
DA:119,0
DA:122,0
DA:124,4
LF:43
LH:24
BRDA:25,0,0,4
BRDA:25,0,1,0
BRDA:33,1,0,1
BRDA:47,2,0,0
BRDA:48,3,0,0
BRDA:50,4,0,0
BRDA:50,4,1,0
BRDA:61,5,0,1
BRDA:74,6,0,1
BRDA:90,7,0,0
BRDA:90,7,1,0
BRDA:90,7,2,0
BRDA:90,7,3,0
BRDA:90,7,4,0
BRDA:90,7,5,0
BRDA:90,7,6,0
BRDA:93,8,0,0
BRDA:93,8,1,0
BRDA:93,9,0,0
BRDA:93,9,1,0
BRF:20
BRH:4
end_of_record
TN:
SF:src\collection.ts
FN:3,(anonymous_13)
FN:23,AlturaCollection
FN:70,(anonymous_15)
FNF:3
FNH:1
FNDA:4,(anonymous_13)
FNDA:0,AlturaCollection
FNDA:0,(anonymous_15)
DA:3,4
DA:43,0
DA:44,0
DA:45,0
DA:46,0
DA:47,0
DA:48,0
DA:49,0
DA:50,0
DA:51,0
DA:52,0
DA:53,0
DA:54,0
DA:55,0
DA:56,0
DA:57,0
DA:58,0
DA:59,0
DA:60,0
DA:70,4
DA:78,0
DA:80,4
LF:22
LH:3
BRF:0
BRH:0
end_of_record
TN:
SF:src\index.ts
FN:3,(anonymous_0)
FNF:1
FNH:1
FNDA:3,(anonymous_0)
DA:1,3
DA:3,6
LF:2
LH:2
BRF:0
BRH:0
end_of_record
TN:
SF:src\item.ts
FN:4,(anonymous_13)
FN:37,AlturaItem
FN:110,(anonymous_15)
FN:128,(anonymous_18)
FN:141,(anonymous_21)
FN:156,(anonymous_24)
FNF:6
FNH:1
FNDA:4,(anonymous_13)
FNDA:0,AlturaItem
FNDA:0,(anonymous_15)
FNDA:0,(anonymous_18)
FNDA:0,(anonymous_21)
FNDA:0,(anonymous_24)
DA:4,4
DA:70,0
DA:71,0
DA:72,0
DA:73,0
DA:74,0
DA:75,0
DA:76,0
DA:77,0
DA:78,0
DA:79,0
DA:80,0
DA:81,0
DA:82,0
DA:83,0
DA:84,0
DA:85,0
DA:86,0
DA:87,0
DA:88,0
DA:89,0
DA:90,0
DA:91,0
DA:92,0
DA:93,0
DA:94,0
DA:95,0
DA:96,0
DA:97,0
DA:98,0
DA:99,0
DA:100,0
DA:110,4
DA:116,0
DA:128,4
DA:130,0
DA:141,4
DA:148,0
DA:156,4
DA:160,0
DA:162,4
LF:41
LH:6
BRF:0
BRH:0
end_of_record
TN:
SF:src\user.ts
FN:4,(anonymous_13)
FN:12,AlturaUser
FN:31,(anonymous_15)
FNF:3
FNH:2
FNDA:4,(anonymous_13)
FNDA:1,AlturaUser
FNDA:0,(anonymous_15)
DA:4,4
DA:13,1
DA:14,1
DA:15,1
DA:16,1
DA:17,1
DA:18,1
DA:31,4
DA:41,0
DA:46,4
LF:10
LH:9
BRF:0
BRH:0
end_of_record
TN:
SF:src\utils\index.ts
FN:3,(anonymous_0)
FN:15,(anonymous_1)
FN:52,(anonymous_2)
FNF:3
FNH:1
FNDA:1,(anonymous_0)
FNDA:0,(anonymous_1)
FNDA:0,(anonymous_2)
DA:3,4
DA:4,1
DA:12,1
DA:15,4
DA:16,0
DA:49,0
DA:52,4
DA:53,0
DA:73,0
LF:9
LH:5
BRDA:7,0,0,1
BRDA:7,0,1,1
BRDA:8,1,0,1
BRDA:8,1,1,1
BRDA:9,2,0,1
BRDA:9,2,1,1
BRDA:37,3,0,0
BRDA:37,3,1,0
BRF:8
BRH:6
end_of_record
